2022-02-08 16:19:06,291 INFO  - restapi.requesters.BuyerRequester
{
    "code": 200,
    "type": "unknown",
    "message": "20"
}  
2022-02-08 16:19:07,685 INFO  - restapi.requesters.BuyerRequester
{
    "code": 200,
    "type": "unknown",
    "message": "33"
}  
2022-02-08 16:19:08,555 INFO  - restapi.requesters.BuyerRequester
{"id":0,"userStatus":0}  
2022-02-08 16:19:09,449 INFO  - restapi.requesters.BuyerRequester
{"id":0,"userStatus":0}  
2022-02-08 16:19:10,184 INFO  - restapi.requesters.BuyerRequester
{"id":33,"username":"XaIimFPHQE","firstName":"x","lastName":"x","email":"xxx@x.com","password":"xxxxxxxx","phone":"5555555555","userStatus":0}  
2022-02-08 16:19:10,184 INFO  - Buyer ------> Buyer(id=33, username=XaIimFPHQE, firstName=x, lastName=x, email=xxx@x.com, password=xxxxxxxx, phone=5555555555, userStatus=0)  
2022-02-08 16:19:10,956 INFO  - restapi.requesters.BuyerRequester
{
    "code": 200,
    "type": "unknown",
    "message": "33"
}  
2022-02-08 16:19:11,730 INFO  - restapi.requesters.BuyerRequester
{"id":0,"userStatus":0}  
2022-02-08 16:19:12,537 INFO  - restapi.requesters.BuyerRequester
{"id":0,"userStatus":0}  
2022-02-08 16:19:13,348 INFO  - restapi.requesters.BuyerRequester
{"id":33,"username":"fOqFSfYkIv","firstName":"x","lastName":"x","email":"xxx@x.com","password":"xxxxxxxx","phone":"5555555555","userStatus":0}  
2022-02-08 16:19:13,348 INFO  - Buyer ------> Buyer(id=33, username=fOqFSfYkIv, firstName=x, lastName=x, email=xxx@x.com, password=xxxxxxxx, phone=5555555555, userStatus=0)  
2022-02-08 16:19:14,151 INFO  - restapi.requesters.BuyerRequester
{
    "code": 200,
    "type": "unknown",
    "message": "48"
}  
2022-02-08 16:19:14,902 INFO  - restapi.requesters.BuyerRequester
{"id":0,"userStatus":0}  
2022-02-08 16:19:15,682 INFO  - restapi.requesters.BuyerRequester
{"id":48,"username":"EmVbYywXjv","firstName":"x","lastName":"x","email":"xxx@x.com","password":"xxxxxxxx","phone":"5555555555","userStatus":0}  
2022-02-08 16:19:15,682 INFO  - Buyer ------> Buyer(id=48, username=EmVbYywXjv, firstName=x, lastName=x, email=xxx@x.com, password=xxxxxxxx, phone=5555555555, userStatus=0)  
2022-02-08 16:19:16,442 INFO  - restapi.requesters.BuyerRequester
{
    "code": 200,
    "type": "unknown",
    "message": "EmVbYywXjv"
}  
2022-02-08 16:19:17,188 INFO  - restapi.requesters.BuyerRequester
{"id":0,"userStatus":0}  
2022-02-08 16:19:17,984 INFO  - restapi.requesters.BuyerRequester
{
    "code": 500,
    "type": "unknown",
    "message": "something bad happened"
}  
2022-02-08 16:19:18,775 INFO  - restapi.requesters.BuyerRequester
{
    "code": 500,
    "type": "unknown",
    "message": "something bad happened"
}  
2022-02-08 16:19:19,570 INFO  - restapi.requesters.BuyerRequester
{
    "code": 200,
    "type": "unknown",
    "message": "9223372036854775807"
}  
2022-02-08 16:19:20,406 INFO  - restapi.requesters.BuyerRequester
{
    "code": 200,
    "type": "unknown",
    "message": "9223372036854775807"
}  
2022-02-08 16:19:21,196 INFO  - restapi.requesters.BuyerRequester
{
    "code": 200,
    "type": "unknown",
    "message": "64"
}  
2022-02-08 16:19:21,977 INFO  - restapi.requesters.BuyerRequester
{
    "code": 200,
    "type": "unknown",
    "message": "13"
}  
2022-02-08 16:19:22,752 INFO  - restapi.requesters.BuyerRequester
{
    "code": 200,
    "type": "unknown",
    "message": "61"
}  
2022-02-08 16:19:23,573 INFO  - restapi.requesters.BuyerRequester
{
    "code": 200,
    "type": "unknown",
    "message": "10"
}  
2022-02-08 16:19:24,365 INFO  - restapi.requesters.BuyerRequester
{
    "code": 200,
    "type": "unknown",
    "message": "3"
}  
